<?xml version="1.0" encoding="UTF-8"?>
<!-- Generated by org.testng.reporters.JUnitReportReporter -->
<testsuite skipped="0" hostname="parvatha-varthni" name="com.pw.cucumberrunner.Cucumber_Main" tests="1" failures="0" timestamp="04 Dec 2019 07:22:00 GMT" time="156.895" errors="0">
  <testcase name="feature" time="156.895" classname="com.pw.cucumberrunner.Cucumber_Main"/>
</testsuite> <!-- com.pw.cucumberrunner.Cucumber_Main -->
